<?xml version="1.0" encoding="UTF-8"?>
<!-- Generated by org.testng.reporters.JUnitReportReporter -->
<testsuite hostname="LAPTOP-AFBJJLIL" failures="0" tests="4" name="api.test.UserTests" time="9.236" errors="0" timestamp="2023-04-04T16:17:43 IST" skipped="0">
  <testcase classname="api.test.UserTests" name="testPostUser" time="2.845"/>
  <system-out/>
  <testcase classname="api.test.UserTests" name="testGetUserByName" time="1.624"/>
  <system-out/>
  <testcase classname="api.test.UserTests" name="testUpdateUserByName" time="3.173"/>
  <system-out/>
  <testcase classname="api.test.UserTests" name="deleteUserByName" time="1.594"/>
  <system-out/>
</testsuite> <!-- api.test.UserTests -->
