<?xml version="1.0" encoding="UTF-8"?>
<!-- Generated by org.testng.reporters.JUnitReportReporter -->
<testsuite hostname="LAPTOP-AFBJJLIL" failures="0" tests="4" name="api.test.UserTests2" time="9.441" errors="0" timestamp="2023-04-04T19:56:07 IST" skipped="0">
  <testcase classname="api.test.UserTests2" name="testPostUser" time="2.918"/>
  <system-out/>
  <testcase classname="api.test.UserTests2" name="testGetUserByName" time="1.627"/>
  <system-out/>
  <testcase classname="api.test.UserTests2" name="testUpdateUserByName" time="3.280"/>
  <system-out/>
  <testcase classname="api.test.UserTests2" name="deleteUserByName" time="1.616"/>
  <system-out/>
</testsuite> <!-- api.test.UserTests2 -->
