<?xml version="1.0" encoding="UTF-8"?>
<!-- Generated by org.testng.reporters.JUnitReportReporter -->
<testsuite hostname="LAPTOP-AFBJJLIL" failures="0" tests="4" name="api.test.UserTests2" time="10.195" errors="0" timestamp="2023-04-05T17:24:26 IST" skipped="0">
  <testcase classname="api.test.UserTests2" name="testPostUser" time="3.031"/>
  <system-out/>
  <testcase classname="api.test.UserTests2" name="testGetUserByName" time="1.723"/>
  <system-out/>
  <testcase classname="api.test.UserTests2" name="testUpdateUserByName" time="3.681"/>
  <system-out/>
  <testcase classname="api.test.UserTests2" name="deleteUserByName" time="1.760"/>
  <system-out/>
</testsuite> <!-- api.test.UserTests2 -->
